<?xml version="1.0" encoding="UTF-8"?>
<!-- Generated by org.testng.reporters.JUnitXMLReporter -->
<testsuite hostname="WS79" ignored="0" name="Default test" tests="6" failures="0" timestamp="10 Oct 2018 17:59:50 GMT" time="207.738" errors="0">
  <testcase name="openFeedbackWizard" time="3.576" classname="googletests.tests.FeedbackWizardTests"/>
  <testcase name="sendFeedbackWithAttachment" time="33.546" classname="googletests.tests.FeedbackWizardTests"/>
  <testcase name="cancelFeedback" time="22.754" classname="googletests.tests.FeedbackWizardTests"/>
  <testcase name="sendFeedbackNoText" time="33.1" classname="googletests.tests.FeedbackWizardTests"/>
  <testcase name="sendFeedbackWithoutAttachment" time="43.251" classname="googletests.tests.FeedbackWizardTests"/>
  <testcase name="unckeckScreenshotAdding" time="43.043" classname="googletests.tests.FeedbackWizardTests"/>
</testsuite> <!-- Default test -->
